ok: unsafe memchr() usage correctly detected with '__read_overflow' in lib/test_fortify/read_overflow-memchr.c
lib/test_fortify/test_fortify.h: In function 'do_fortify_tests':
lib/test_fortify/read_overflow-memchr.c:3:9: error: statement with no effect [-Werror=unused-value]
    3 |         memchr(small, 0x7A, sizeof(small) + 1)
      |         ^~~~~~~~~~~~~~~~~~~~~~~~~~~~~~~~~~~~~~
lib/test_fortify/test_fortify.h:34:9: note: in expansion of macro 'TEST'
   34 |         TEST;
      |         ^~~~
In file included from ./include/linux/string.h:253,
                 from ./include/linux/bitmap.h:11,
                 from ./include/linux/cpumask.h:12,
                 from ./arch/x86/include/asm/cpumask.h:5,
                 from ./arch/x86/include/asm/msr.h:11,
                 from ./arch/x86/include/asm/processor.h:22,
                 from ./arch/x86/include/asm/cpufeature.h:5,
                 from ./arch/x86/include/asm/thread_info.h:53,
                 from ./include/linux/thread_info.h:60,
                 from ./arch/x86/include/asm/preempt.h:7,
                 from ./include/linux/preempt.h:78,
                 from ./include/linux/spinlock.h:55,
                 from ./include/linux/mmzone.h:8,
                 from ./include/linux/gfp.h:6,
                 from ./include/linux/slab.h:15,
                 from lib/test_fortify/test_fortify.h:4,
                 from lib/test_fortify/read_overflow-memchr.c:5:
In function 'memchr',
    inlined from 'do_fortify_tests' at lib/test_fortify/test_fortify.h:34:2:
./include/linux/fortify-string.h:429:17: error: call to '__read_overflow' declared with attribute error: detected read beyond size of object (1st parameter)
  429 |                 __read_overflow();
      |                 ^~~~~~~~~~~~~~~~~
cc1: all warnings being treated as errors
